Arguments: 
  /usr/bin/node /usr/local/bin/yarn add obj.json

PATH: 
  /usr/local/sbin:/usr/local/bin:/usr/sbin:/usr/bin:/sbin:/bin:/usr/games:/usr/local/games:/snap/bin

Yarn version: 
  1.22.10

Node version: 
  10.19.0

Platform: 
  linux x64

Trace: 
  Error: https://registry.yarnpkg.com/obj.json: Not found
      at Request.params.callback [as _callback] (/usr/local/lib/node_modules/yarn/lib/cli.js:66988:18)
      at Request.self.callback (/usr/local/lib/node_modules/yarn/lib/cli.js:140662:22)
      at Request.emit (events.js:198:13)
      at Request.<anonymous> (/usr/local/lib/node_modules/yarn/lib/cli.js:141634:10)
      at Request.emit (events.js:198:13)
      at IncomingMessage.<anonymous> (/usr/local/lib/node_modules/yarn/lib/cli.js:141556:12)
      at Object.onceWrapper (events.js:286:20)
      at IncomingMessage.emit (events.js:203:15)
      at endReadableNT (_stream_readable.js:1145:12)
      at process._tickCallback (internal/process/next_tick.js:63:19)

npm manifest: 
  {
    "name": "curiosidades",
    "version": "1.0.0",
    "main": "js/scripts.js",
    "repository": "git@github.com:matheusagcosta/curiosidades-linguisticas.git",
    "author": "PinhoOn <pinhoonjob@gmail.com>",
    "license": "MIT",
    "devDependencies": {
      "parcel-bundler": "^1.12.5"
    }
  }

yarn manifest: 
  No manifest

Lockfile: 
  No lockfile
